<?xml version="1.0" encoding="UTF-8"?>
<robot generator="Robot 7.3.2 (Python 3.11.0 on win32)" generated="2025-10-24T12:15:47.943078" rpa="false" schemaversion="5">
<suite id="s1" name="Tests" source="C:\Users\GENIUS\IdeaProjects\ForEnterprise\tests">
<suite id="s1-s1" name="Ui" source="C:\Users\GENIUS\IdeaProjects\ForEnterprise\tests\ui">
<suite id="s1-s1-s1" name="Login" source="C:\Users\GENIUS\IdeaProjects\ForEnterprise\tests\ui\Login.robot">
<test id="s1-s1-s1-t1" name="Lancer La connexion" line="6">
<kw name="Se connecter" owner="Login">
<kw name="Open Browser" owner="RPA.Browser">
<msg time="2025-10-24T12:15:48.233838" level="INFO">Opening browser 'firefox' to base url 'https://www.saucedemo.com/'.</msg>
<arg>${Url}</arg>
<arg>${Browser}</arg>
<doc>Opens a new browser instance to the optional ``url``.</doc>
<status status="PASS" start="2025-10-24T12:15:48.233056" elapsed="5.986053"/>
</kw>
<kw name="Input Text" owner="RPA.Browser">
<msg time="2025-10-24T12:15:54.220157" level="INFO">Typing text 'standard_user' into text field 'id=user-name'.</msg>
<arg>id=user-name</arg>
<arg>${username}</arg>
<doc>Types the given ``text`` into the text field identified by ``locator``.</doc>
<status status="PASS" start="2025-10-24T12:15:54.219109" elapsed="0.102106"/>
</kw>
<kw name="Input Password" owner="RPA.Browser">
<msg time="2025-10-24T12:15:54.321215" level="INFO">Typing password into text field 'id=password'.</msg>
<msg time="2025-10-24T12:15:54.332435" level="INFO">Temporally setting log level to: NONE</msg>
<arg>id=password</arg>
<arg>${password}</arg>
<doc>Types the given password into the text field identified by ``locator``.</doc>
<status status="PASS" start="2025-10-24T12:15:54.321215" elapsed="0.029480"/>
</kw>
<kw name="Click Button" owner="RPA.Browser">
<msg time="2025-10-24T12:15:54.351708" level="INFO">Clicking button 'id=login-button'.</msg>
<arg>id=login-button</arg>
<doc>Clicks the button identified by ``locator``.</doc>
<status status="PASS" start="2025-10-24T12:15:54.351708" elapsed="0.102250"/>
</kw>
<status status="PASS" start="2025-10-24T12:15:48.231838" elapsed="6.222120"/>
</kw>
<status status="PASS" start="2025-10-24T12:15:48.231838" elapsed="6.222120"/>
</test>
<status status="PASS" start="2025-10-24T12:15:47.961173" elapsed="6.492785"/>
</suite>
<status status="PASS" start="2025-10-24T12:15:47.960036" elapsed="6.495412"/>
</suite>
<status status="PASS" start="2025-10-24T12:15:47.944078" elapsed="6.512368"/>
</suite>
<statistics>
<total>
<stat pass="1" fail="0" skip="0">All Tests</stat>
</total>
<tag>
</tag>
<suite>
<stat name="Tests" id="s1" pass="1" fail="0" skip="0">Tests</stat>
<stat name="Ui" id="s1-s1" pass="1" fail="0" skip="0">Tests.Ui</stat>
<stat name="Login" id="s1-s1-s1" pass="1" fail="0" skip="0">Tests.Ui.Login</stat>
</suite>
</statistics>
<errors>
<msg time="2025-10-24T12:15:48.198494" level="WARN">This is a deprecated import that will be removed in favor of RPA.Browser.Selenium</msg>
</errors>
</robot>
